2024-08-31T00:10:35.559-07:00  WARN 99902 --- [HikariPool-1 housekeeper] com.zaxxer.hikari.pool.HikariPool        : HikariPool-1 - Thread starvation or clock leap detected (housekeeper delta=2m10s483ms).
2024-08-31T00:10:55.424-07:00 TRACE 99902 --- [http-nio-8080-exec-7] o.s.security.web.FilterChainProxy        : Trying to match request against DefaultSecurityFilterChain [RequestMatcher=any request, Filters=[org.springframework.security.web.session.DisableEncodeUrlFilter@22f1b20c, org.springframework.security.web.context.request.async.WebAsyncManagerIntegrationFilter@beb26f4, org.springframework.security.web.context.SecurityContextHolderFilter@2e24bec8, org.springframework.security.web.header.HeaderWriterFilter@140a2501, org.springframework.security.web.authentication.logout.LogoutFilter@68545eba, com.PickPerfect.demo.config.JwtFilter@55b0a318, org.springframework.security.web.savedrequest.RequestCacheAwareFilter@54184142, org.springframework.security.web.servletapi.SecurityContextHolderAwareRequestFilter@454521f8, org.springframework.security.web.authentication.AnonymousAuthenticationFilter@477cdba8, org.springframework.security.web.session.SessionManagementFilter@41b83262, org.springframework.security.web.access.ExceptionTranslationFilter@5934879a]] (1/1)
2024-08-31T00:10:55.426-07:00 DEBUG 99902 --- [http-nio-8080-exec-7] o.s.security.web.FilterChainProxy        : Securing GET /static/media/tomato.c5a20a5abc96f3665c5176ed35e68f9c.svg
2024-08-31T00:10:55.426-07:00 TRACE 99902 --- [http-nio-8080-exec-7] o.s.security.web.FilterChainProxy        : Invoking DisableEncodeUrlFilter (1/11)
2024-08-31T00:10:55.426-07:00 TRACE 99902 --- [http-nio-8080-exec-7] o.s.security.web.FilterChainProxy        : Invoking WebAsyncManagerIntegrationFilter (2/11)
2024-08-31T00:10:55.427-07:00 TRACE 99902 --- [http-nio-8080-exec-7] o.s.security.web.FilterChainProxy        : Invoking SecurityContextHolderFilter (3/11)
2024-08-31T00:10:55.427-07:00 TRACE 99902 --- [http-nio-8080-exec-7] o.s.security.web.FilterChainProxy        : Invoking HeaderWriterFilter (4/11)
2024-08-31T00:10:55.428-07:00 TRACE 99902 --- [http-nio-8080-exec-7] o.s.security.web.FilterChainProxy        : Invoking LogoutFilter (5/11)
2024-08-31T00:10:55.429-07:00 TRACE 99902 --- [http-nio-8080-exec-7] o.s.s.w.a.logout.LogoutFilter            : Did not match request to Or [Ant [pattern='/logout', GET], Ant [pattern='/logout', POST], Ant [pattern='/logout', PUT], Ant [pattern='/logout', DELETE]]
2024-08-31T00:10:55.429-07:00 TRACE 99902 --- [http-nio-8080-exec-7] o.s.security.web.FilterChainProxy        : Invoking JwtFilter (6/11)
2024-08-31T00:10:55.430-07:00 TRACE 99902 --- [http-nio-8080-exec-7] o.s.security.web.FilterChainProxy        : Invoking RequestCacheAwareFilter (7/11)
2024-08-31T00:10:55.430-07:00 TRACE 99902 --- [http-nio-8080-exec-7] o.s.security.web.FilterChainProxy        : Invoking SecurityContextHolderAwareRequestFilter (8/11)
2024-08-31T00:10:55.431-07:00 TRACE 99902 --- [http-nio-8080-exec-7] o.s.security.web.FilterChainProxy        : Invoking AnonymousAuthenticationFilter (9/11)
2024-08-31T00:10:55.431-07:00 TRACE 99902 --- [http-nio-8080-exec-7] o.s.security.web.FilterChainProxy        : Invoking SessionManagementFilter (10/11)
2024-08-31T00:10:55.432-07:00 TRACE 99902 --- [http-nio-8080-exec-7] .s.s.w.c.SupplierDeferredSecurityContext : Created SecurityContextImpl [Null authentication]
2024-08-31T00:10:55.432-07:00 TRACE 99902 --- [http-nio-8080-exec-7] o.s.s.w.a.AnonymousAuthenticationFilter  : Set SecurityContextHolder to AnonymousAuthenticationToken [Principal=anonymousUser, Credentials=[PROTECTED], Authenticated=true, Details=WebAuthenticationDetails [RemoteIpAddress=0:0:0:0:0:0:0:1, SessionId=null], Granted Authorities=[ROLE_ANONYMOUS]]
2024-08-31T00:10:55.433-07:00 DEBUG 99902 --- [http-nio-8080-exec-7] o.s.s.w.session.SessionManagementFilter  : Request requested invalid session id BAA7C0912570561F4C68019AF2D4D661
2024-08-31T00:10:55.433-07:00 TRACE 99902 --- [http-nio-8080-exec-7] o.s.security.web.FilterChainProxy        : Invoking ExceptionTranslationFilter (11/11)
2024-08-31T00:10:55.433-07:00 DEBUG 99902 --- [http-nio-8080-exec-7] o.s.security.web.FilterChainProxy        : Secured GET /static/media/tomato.c5a20a5abc96f3665c5176ed35e68f9c.svg
2024-08-31T00:10:55.459-07:00 TRACE 99902 --- [http-nio-8080-exec-7] o.s.s.w.header.writers.HstsHeaderWriter  : Not injecting HSTS header since it did not match request to [Is Secure]
2024-08-31T00:11:02.067-07:00 TRACE 99902 --- [http-nio-8080-exec-4] o.s.security.web.FilterChainProxy        : Trying to match request against DefaultSecurityFilterChain [RequestMatcher=any request, Filters=[org.springframework.security.web.session.DisableEncodeUrlFilter@22f1b20c, org.springframework.security.web.context.request.async.WebAsyncManagerIntegrationFilter@beb26f4, org.springframework.security.web.context.SecurityContextHolderFilter@2e24bec8, org.springframework.security.web.header.HeaderWriterFilter@140a2501, org.springframework.security.web.authentication.logout.LogoutFilter@68545eba, com.PickPerfect.demo.config.JwtFilter@55b0a318, org.springframework.security.web.savedrequest.RequestCacheAwareFilter@54184142, org.springframework.security.web.servletapi.SecurityContextHolderAwareRequestFilter@454521f8, org.springframework.security.web.authentication.AnonymousAuthenticationFilter@477cdba8, org.springframework.security.web.session.SessionManagementFilter@41b83262, org.springframework.security.web.access.ExceptionTranslationFilter@5934879a]] (1/1)
2024-08-31T00:11:02.067-07:00 DEBUG 99902 --- [http-nio-8080-exec-4] o.s.security.web.FilterChainProxy        : Securing GET /static/media/broccoli.613081019e6ec3952007081e6942a577.svg
2024-08-31T00:11:02.067-07:00 TRACE 99902 --- [http-nio-8080-exec-4] o.s.security.web.FilterChainProxy        : Invoking DisableEncodeUrlFilter (1/11)
2024-08-31T00:11:02.068-07:00 TRACE 99902 --- [http-nio-8080-exec-4] o.s.security.web.FilterChainProxy        : Invoking WebAsyncManagerIntegrationFilter (2/11)
2024-08-31T00:11:02.068-07:00 TRACE 99902 --- [http-nio-8080-exec-4] o.s.security.web.FilterChainProxy        : Invoking SecurityContextHolderFilter (3/11)
2024-08-31T00:11:02.068-07:00 TRACE 99902 --- [http-nio-8080-exec-4] o.s.security.web.FilterChainProxy        : Invoking HeaderWriterFilter (4/11)
2024-08-31T00:11:02.068-07:00 TRACE 99902 --- [http-nio-8080-exec-4] o.s.security.web.FilterChainProxy        : Invoking LogoutFilter (5/11)
2024-08-31T00:11:02.068-07:00 TRACE 99902 --- [http-nio-8080-exec-4] o.s.s.w.a.logout.LogoutFilter            : Did not match request to Or [Ant [pattern='/logout', GET], Ant [pattern='/logout', POST], Ant [pattern='/logout', PUT], Ant [pattern='/logout', DELETE]]
2024-08-31T00:11:02.068-07:00 TRACE 99902 --- [http-nio-8080-exec-4] o.s.security.web.FilterChainProxy        : Invoking JwtFilter (6/11)
2024-08-31T00:11:02.068-07:00 TRACE 99902 --- [http-nio-8080-exec-4] o.s.security.web.FilterChainProxy        : Invoking RequestCacheAwareFilter (7/11)
2024-08-31T00:11:02.068-07:00 TRACE 99902 --- [http-nio-8080-exec-4] o.s.security.web.FilterChainProxy        : Invoking SecurityContextHolderAwareRequestFilter (8/11)
2024-08-31T00:11:02.069-07:00 TRACE 99902 --- [http-nio-8080-exec-4] o.s.security.web.FilterChainProxy        : Invoking AnonymousAuthenticationFilter (9/11)
2024-08-31T00:11:02.069-07:00 TRACE 99902 --- [http-nio-8080-exec-4] o.s.security.web.FilterChainProxy        : Invoking SessionManagementFilter (10/11)
2024-08-31T00:11:02.069-07:00 TRACE 99902 --- [http-nio-8080-exec-4] .s.s.w.c.SupplierDeferredSecurityContext : Created SecurityContextImpl [Null authentication]
2024-08-31T00:11:02.069-07:00 TRACE 99902 --- [http-nio-8080-exec-4] o.s.s.w.a.AnonymousAuthenticationFilter  : Set SecurityContextHolder to AnonymousAuthenticationToken [Principal=anonymousUser, Credentials=[PROTECTED], Authenticated=true, Details=WebAuthenticationDetails [RemoteIpAddress=0:0:0:0:0:0:0:1, SessionId=null], Granted Authorities=[ROLE_ANONYMOUS]]
2024-08-31T00:11:02.069-07:00 DEBUG 99902 --- [http-nio-8080-exec-4] o.s.s.w.session.SessionManagementFilter  : Request requested invalid session id BAA7C0912570561F4C68019AF2D4D661
2024-08-31T00:11:02.069-07:00 TRACE 99902 --- [http-nio-8080-exec-4] o.s.security.web.FilterChainProxy        : Invoking ExceptionTranslationFilter (11/11)
2024-08-31T00:11:02.069-07:00 DEBUG 99902 --- [http-nio-8080-exec-4] o.s.security.web.FilterChainProxy        : Secured GET /static/media/broccoli.613081019e6ec3952007081e6942a577.svg
2024-08-31T00:11:02.087-07:00 TRACE 99902 --- [http-nio-8080-exec-4] o.s.s.w.header.writers.HstsHeaderWriter  : Not injecting HSTS header since it did not match request to [Is Secure]
2024-08-31T00:11:04.963-07:00 TRACE 99902 --- [http-nio-8080-exec-1] o.s.security.web.FilterChainProxy        : Trying to match request against DefaultSecurityFilterChain [RequestMatcher=any request, Filters=[org.springframework.security.web.session.DisableEncodeUrlFilter@22f1b20c, org.springframework.security.web.context.request.async.WebAsyncManagerIntegrationFilter@beb26f4, org.springframework.security.web.context.SecurityContextHolderFilter@2e24bec8, org.springframework.security.web.header.HeaderWriterFilter@140a2501, org.springframework.security.web.authentication.logout.LogoutFilter@68545eba, com.PickPerfect.demo.config.JwtFilter@55b0a318, org.springframework.security.web.savedrequest.RequestCacheAwareFilter@54184142, org.springframework.security.web.servletapi.SecurityContextHolderAwareRequestFilter@454521f8, org.springframework.security.web.authentication.AnonymousAuthenticationFilter@477cdba8, org.springframework.security.web.session.SessionManagementFilter@41b83262, org.springframework.security.web.access.ExceptionTranslationFilter@5934879a]] (1/1)
2024-08-31T00:11:04.963-07:00 DEBUG 99902 --- [http-nio-8080-exec-1] o.s.security.web.FilterChainProxy        : Securing GET /static/media/tomato.c5a20a5abc96f3665c5176ed35e68f9c.svg
2024-08-31T00:11:04.963-07:00 TRACE 99902 --- [http-nio-8080-exec-1] o.s.security.web.FilterChainProxy        : Invoking DisableEncodeUrlFilter (1/11)
2024-08-31T00:11:04.963-07:00 TRACE 99902 --- [http-nio-8080-exec-1] o.s.security.web.FilterChainProxy        : Invoking WebAsyncManagerIntegrationFilter (2/11)
2024-08-31T00:11:04.964-07:00 TRACE 99902 --- [http-nio-8080-exec-1] o.s.security.web.FilterChainProxy        : Invoking SecurityContextHolderFilter (3/11)
2024-08-31T00:11:04.964-07:00 TRACE 99902 --- [http-nio-8080-exec-1] o.s.security.web.FilterChainProxy        : Invoking HeaderWriterFilter (4/11)
2024-08-31T00:11:04.964-07:00 TRACE 99902 --- [http-nio-8080-exec-1] o.s.security.web.FilterChainProxy        : Invoking LogoutFilter (5/11)
2024-08-31T00:11:04.964-07:00 TRACE 99902 --- [http-nio-8080-exec-1] o.s.s.w.a.logout.LogoutFilter            : Did not match request to Or [Ant [pattern='/logout', GET], Ant [pattern='/logout', POST], Ant [pattern='/logout', PUT], Ant [pattern='/logout', DELETE]]
2024-08-31T00:11:04.964-07:00 TRACE 99902 --- [http-nio-8080-exec-1] o.s.security.web.FilterChainProxy        : Invoking JwtFilter (6/11)
2024-08-31T00:11:04.964-07:00 TRACE 99902 --- [http-nio-8080-exec-1] o.s.security.web.FilterChainProxy        : Invoking RequestCacheAwareFilter (7/11)
2024-08-31T00:11:04.964-07:00 TRACE 99902 --- [http-nio-8080-exec-1] o.s.security.web.FilterChainProxy        : Invoking SecurityContextHolderAwareRequestFilter (8/11)
2024-08-31T00:11:04.964-07:00 TRACE 99902 --- [http-nio-8080-exec-1] o.s.security.web.FilterChainProxy        : Invoking AnonymousAuthenticationFilter (9/11)
2024-08-31T00:11:04.964-07:00 TRACE 99902 --- [http-nio-8080-exec-1] o.s.security.web.FilterChainProxy        : Invoking SessionManagementFilter (10/11)
2024-08-31T00:11:04.964-07:00 TRACE 99902 --- [http-nio-8080-exec-1] .s.s.w.c.SupplierDeferredSecurityContext : Created SecurityContextImpl [Null authentication]
2024-08-31T00:11:04.964-07:00 TRACE 99902 --- [http-nio-8080-exec-1] o.s.s.w.a.AnonymousAuthenticationFilter  : Set SecurityContextHolder to AnonymousAuthenticationToken [Principal=anonymousUser, Credentials=[PROTECTED], Authenticated=true, Details=WebAuthenticationDetails [RemoteIpAddress=0:0:0:0:0:0:0:1, SessionId=null], Granted Authorities=[ROLE_ANONYMOUS]]
2024-08-31T00:11:04.965-07:00 DEBUG 99902 --- [http-nio-8080-exec-1] o.s.s.w.session.SessionManagementFilter  : Request requested invalid session id BAA7C0912570561F4C68019AF2D4D661
2024-08-31T00:11:04.965-07:00 TRACE 99902 --- [http-nio-8080-exec-1] o.s.security.web.FilterChainProxy        : Invoking ExceptionTranslationFilter (11/11)
2024-08-31T00:11:04.965-07:00 DEBUG 99902 --- [http-nio-8080-exec-1] o.s.security.web.FilterChainProxy        : Secured GET /static/media/tomato.c5a20a5abc96f3665c5176ed35e68f9c.svg
2024-08-31T00:11:04.969-07:00 TRACE 99902 --- [http-nio-8080-exec-1] o.s.s.w.header.writers.HstsHeaderWriter  : Not injecting HSTS header since it did not match request to [Is Secure]
2024-08-31T00:11:10.068-07:00 TRACE 99902 --- [http-nio-8080-exec-2] o.s.security.web.FilterChainProxy        : Trying to match request against DefaultSecurityFilterChain [RequestMatcher=any request, Filters=[org.springframework.security.web.session.DisableEncodeUrlFilter@22f1b20c, org.springframework.security.web.context.request.async.WebAsyncManagerIntegrationFilter@beb26f4, org.springframework.security.web.context.SecurityContextHolderFilter@2e24bec8, org.springframework.security.web.header.HeaderWriterFilter@140a2501, org.springframework.security.web.authentication.logout.LogoutFilter@68545eba, com.PickPerfect.demo.config.JwtFilter@55b0a318, org.springframework.security.web.savedrequest.RequestCacheAwareFilter@54184142, org.springframework.security.web.servletapi.SecurityContextHolderAwareRequestFilter@454521f8, org.springframework.security.web.authentication.AnonymousAuthenticationFilter@477cdba8, org.springframework.security.web.session.SessionManagementFilter@41b83262, org.springframework.security.web.access.ExceptionTranslationFilter@5934879a]] (1/1)
2024-08-31T00:11:10.069-07:00 DEBUG 99902 --- [http-nio-8080-exec-2] o.s.security.web.FilterChainProxy        : Securing POST /login
2024-08-31T00:11:10.069-07:00 TRACE 99902 --- [http-nio-8080-exec-2] o.s.security.web.FilterChainProxy        : Invoking DisableEncodeUrlFilter (1/11)
2024-08-31T00:11:10.069-07:00 TRACE 99902 --- [http-nio-8080-exec-2] o.s.security.web.FilterChainProxy        : Invoking WebAsyncManagerIntegrationFilter (2/11)
2024-08-31T00:11:10.069-07:00 TRACE 99902 --- [http-nio-8080-exec-2] o.s.security.web.FilterChainProxy        : Invoking SecurityContextHolderFilter (3/11)
2024-08-31T00:11:10.069-07:00 TRACE 99902 --- [http-nio-8080-exec-2] o.s.security.web.FilterChainProxy        : Invoking HeaderWriterFilter (4/11)
2024-08-31T00:11:10.070-07:00 TRACE 99902 --- [http-nio-8080-exec-2] o.s.security.web.FilterChainProxy        : Invoking LogoutFilter (5/11)
2024-08-31T00:11:10.070-07:00 TRACE 99902 --- [http-nio-8080-exec-2] o.s.s.w.a.logout.LogoutFilter            : Did not match request to Or [Ant [pattern='/logout', GET], Ant [pattern='/logout', POST], Ant [pattern='/logout', PUT], Ant [pattern='/logout', DELETE]]
2024-08-31T00:11:10.070-07:00 TRACE 99902 --- [http-nio-8080-exec-2] o.s.security.web.FilterChainProxy        : Invoking JwtFilter (6/11)
2024-08-31T00:11:10.071-07:00 TRACE 99902 --- [http-nio-8080-exec-2] o.s.security.web.FilterChainProxy        : Invoking RequestCacheAwareFilter (7/11)
2024-08-31T00:11:10.071-07:00 TRACE 99902 --- [http-nio-8080-exec-2] o.s.security.web.FilterChainProxy        : Invoking SecurityContextHolderAwareRequestFilter (8/11)
2024-08-31T00:11:10.071-07:00 TRACE 99902 --- [http-nio-8080-exec-2] o.s.security.web.FilterChainProxy        : Invoking AnonymousAuthenticationFilter (9/11)
2024-08-31T00:11:10.071-07:00 TRACE 99902 --- [http-nio-8080-exec-2] o.s.security.web.FilterChainProxy        : Invoking SessionManagementFilter (10/11)
2024-08-31T00:11:10.071-07:00 TRACE 99902 --- [http-nio-8080-exec-2] .s.s.w.c.SupplierDeferredSecurityContext : Created SecurityContextImpl [Null authentication]
2024-08-31T00:11:10.071-07:00 TRACE 99902 --- [http-nio-8080-exec-2] o.s.s.w.a.AnonymousAuthenticationFilter  : Set SecurityContextHolder to AnonymousAuthenticationToken [Principal=anonymousUser, Credentials=[PROTECTED], Authenticated=true, Details=WebAuthenticationDetails [RemoteIpAddress=0:0:0:0:0:0:0:1, SessionId=null], Granted Authorities=[ROLE_ANONYMOUS]]
2024-08-31T00:11:10.072-07:00 DEBUG 99902 --- [http-nio-8080-exec-2] o.s.s.w.session.SessionManagementFilter  : Request requested invalid session id BAA7C0912570561F4C68019AF2D4D661
2024-08-31T00:11:10.072-07:00 TRACE 99902 --- [http-nio-8080-exec-2] o.s.security.web.FilterChainProxy        : Invoking ExceptionTranslationFilter (11/11)
2024-08-31T00:11:10.072-07:00 DEBUG 99902 --- [http-nio-8080-exec-2] o.s.security.web.FilterChainProxy        : Secured POST /login
2024-08-31T00:11:10.091-07:00 TRACE 99902 --- [http-nio-8080-exec-2] o.s.s.authentication.ProviderManager     : Authenticating request with DaoAuthenticationProvider (1/1)
2024-08-31T00:11:10.130-07:00 DEBUG 99902 --- [http-nio-8080-exec-2] org.hibernate.SQL                        : 
    select
        u1_0.id,
        u1_0.password,
        u1_0.username 
    from
        users u1_0 
    where
        u1_0.username=?
2024-08-31T00:11:10.519-07:00 DEBUG 99902 --- [http-nio-8080-exec-2] o.s.s.a.dao.DaoAuthenticationProvider    : Authenticated user
2024-08-31T00:11:10.528-07:00 TRACE 99902 --- [http-nio-8080-exec-2] o.s.s.w.header.writers.HstsHeaderWriter  : Not injecting HSTS header since it did not match request to [Is Secure]
2024-08-31T00:11:10.576-07:00 TRACE 99902 --- [http-nio-8080-exec-5] o.s.security.web.FilterChainProxy        : Trying to match request against DefaultSecurityFilterChain [RequestMatcher=any request, Filters=[org.springframework.security.web.session.DisableEncodeUrlFilter@22f1b20c, org.springframework.security.web.context.request.async.WebAsyncManagerIntegrationFilter@beb26f4, org.springframework.security.web.context.SecurityContextHolderFilter@2e24bec8, org.springframework.security.web.header.HeaderWriterFilter@140a2501, org.springframework.security.web.authentication.logout.LogoutFilter@68545eba, com.PickPerfect.demo.config.JwtFilter@55b0a318, org.springframework.security.web.savedrequest.RequestCacheAwareFilter@54184142, org.springframework.security.web.servletapi.SecurityContextHolderAwareRequestFilter@454521f8, org.springframework.security.web.authentication.AnonymousAuthenticationFilter@477cdba8, org.springframework.security.web.session.SessionManagementFilter@41b83262, org.springframework.security.web.access.ExceptionTranslationFilter@5934879a]] (1/1)
2024-08-31T00:11:10.577-07:00 DEBUG 99902 --- [http-nio-8080-exec-5] o.s.security.web.FilterChainProxy        : Securing GET /static/media/avatar.e336ec04c5352e0841aa04ceeb5350ae.svg
2024-08-31T00:11:10.576-07:00 TRACE 99902 --- [http-nio-8080-exec-3] o.s.security.web.FilterChainProxy        : Trying to match request against DefaultSecurityFilterChain [RequestMatcher=any request, Filters=[org.springframework.security.web.session.DisableEncodeUrlFilter@22f1b20c, org.springframework.security.web.context.request.async.WebAsyncManagerIntegrationFilter@beb26f4, org.springframework.security.web.context.SecurityContextHolderFilter@2e24bec8, org.springframework.security.web.header.HeaderWriterFilter@140a2501, org.springframework.security.web.authentication.logout.LogoutFilter@68545eba, com.PickPerfect.demo.config.JwtFilter@55b0a318, org.springframework.security.web.savedrequest.RequestCacheAwareFilter@54184142, org.springframework.security.web.servletapi.SecurityContextHolderAwareRequestFilter@454521f8, org.springframework.security.web.authentication.AnonymousAuthenticationFilter@477cdba8, org.springframework.security.web.session.SessionManagementFilter@41b83262, org.springframework.security.web.access.ExceptionTranslationFilter@5934879a]] (1/1)
2024-08-31T00:11:10.578-07:00 TRACE 99902 --- [http-nio-8080-exec-5] o.s.security.web.FilterChainProxy        : Invoking DisableEncodeUrlFilter (1/11)
2024-08-31T00:11:10.578-07:00 TRACE 99902 --- [http-nio-8080-exec-5] o.s.security.web.FilterChainProxy        : Invoking WebAsyncManagerIntegrationFilter (2/11)
2024-08-31T00:11:10.580-07:00 DEBUG 99902 --- [http-nio-8080-exec-3] o.s.security.web.FilterChainProxy        : Securing GET /static/media/home-main.e9e7514456b0ad8d7ee395e9131df5c5.svg
2024-08-31T00:11:10.580-07:00 TRACE 99902 --- [http-nio-8080-exec-3] o.s.security.web.FilterChainProxy        : Invoking DisableEncodeUrlFilter (1/11)
2024-08-31T00:11:10.580-07:00 TRACE 99902 --- [http-nio-8080-exec-3] o.s.security.web.FilterChainProxy        : Invoking WebAsyncManagerIntegrationFilter (2/11)
2024-08-31T00:11:10.580-07:00 TRACE 99902 --- [http-nio-8080-exec-3] o.s.security.web.FilterChainProxy        : Invoking SecurityContextHolderFilter (3/11)
2024-08-31T00:11:10.581-07:00 TRACE 99902 --- [http-nio-8080-exec-3] o.s.security.web.FilterChainProxy        : Invoking HeaderWriterFilter (4/11)
2024-08-31T00:11:10.581-07:00 TRACE 99902 --- [http-nio-8080-exec-3] o.s.security.web.FilterChainProxy        : Invoking LogoutFilter (5/11)
2024-08-31T00:11:10.582-07:00 TRACE 99902 --- [http-nio-8080-exec-3] o.s.s.w.a.logout.LogoutFilter            : Did not match request to Or [Ant [pattern='/logout', GET], Ant [pattern='/logout', POST], Ant [pattern='/logout', PUT], Ant [pattern='/logout', DELETE]]
2024-08-31T00:11:10.578-07:00 TRACE 99902 --- [http-nio-8080-exec-5] o.s.security.web.FilterChainProxy        : Invoking SecurityContextHolderFilter (3/11)
2024-08-31T00:11:10.587-07:00 TRACE 99902 --- [http-nio-8080-exec-5] o.s.security.web.FilterChainProxy        : Invoking HeaderWriterFilter (4/11)
2024-08-31T00:11:10.587-07:00 TRACE 99902 --- [http-nio-8080-exec-5] o.s.security.web.FilterChainProxy        : Invoking LogoutFilter (5/11)
2024-08-31T00:11:10.587-07:00 TRACE 99902 --- [http-nio-8080-exec-3] o.s.security.web.FilterChainProxy        : Invoking JwtFilter (6/11)
2024-08-31T00:11:10.588-07:00 TRACE 99902 --- [http-nio-8080-exec-3] o.s.security.web.FilterChainProxy        : Invoking RequestCacheAwareFilter (7/11)
2024-08-31T00:11:10.588-07:00 TRACE 99902 --- [http-nio-8080-exec-5] o.s.s.w.a.logout.LogoutFilter            : Did not match request to Or [Ant [pattern='/logout', GET], Ant [pattern='/logout', POST], Ant [pattern='/logout', PUT], Ant [pattern='/logout', DELETE]]
2024-08-31T00:11:10.588-07:00 TRACE 99902 --- [http-nio-8080-exec-3] o.s.security.web.FilterChainProxy        : Invoking SecurityContextHolderAwareRequestFilter (8/11)
2024-08-31T00:11:10.588-07:00 TRACE 99902 --- [http-nio-8080-exec-3] o.s.security.web.FilterChainProxy        : Invoking AnonymousAuthenticationFilter (9/11)
2024-08-31T00:11:10.588-07:00 TRACE 99902 --- [http-nio-8080-exec-3] o.s.security.web.FilterChainProxy        : Invoking SessionManagementFilter (10/11)
2024-08-31T00:11:10.588-07:00 TRACE 99902 --- [http-nio-8080-exec-5] o.s.security.web.FilterChainProxy        : Invoking JwtFilter (6/11)
2024-08-31T00:11:10.590-07:00 TRACE 99902 --- [http-nio-8080-exec-5] o.s.security.web.FilterChainProxy        : Invoking RequestCacheAwareFilter (7/11)
2024-08-31T00:11:10.590-07:00 TRACE 99902 --- [http-nio-8080-exec-5] o.s.security.web.FilterChainProxy        : Invoking SecurityContextHolderAwareRequestFilter (8/11)
2024-08-31T00:11:10.590-07:00 TRACE 99902 --- [http-nio-8080-exec-5] o.s.security.web.FilterChainProxy        : Invoking AnonymousAuthenticationFilter (9/11)
2024-08-31T00:11:10.590-07:00 TRACE 99902 --- [http-nio-8080-exec-5] o.s.security.web.FilterChainProxy        : Invoking SessionManagementFilter (10/11)
2024-08-31T00:11:10.588-07:00 TRACE 99902 --- [http-nio-8080-exec-3] .s.s.w.c.SupplierDeferredSecurityContext : Created SecurityContextImpl [Null authentication]
2024-08-31T00:11:10.590-07:00 TRACE 99902 --- [http-nio-8080-exec-3] o.s.s.w.a.AnonymousAuthenticationFilter  : Set SecurityContextHolder to AnonymousAuthenticationToken [Principal=anonymousUser, Credentials=[PROTECTED], Authenticated=true, Details=WebAuthenticationDetails [RemoteIpAddress=0:0:0:0:0:0:0:1, SessionId=null], Granted Authorities=[ROLE_ANONYMOUS]]
2024-08-31T00:11:10.591-07:00 DEBUG 99902 --- [http-nio-8080-exec-3] o.s.s.w.session.SessionManagementFilter  : Request requested invalid session id BAA7C0912570561F4C68019AF2D4D661
2024-08-31T00:11:10.591-07:00 TRACE 99902 --- [http-nio-8080-exec-3] o.s.security.web.FilterChainProxy        : Invoking ExceptionTranslationFilter (11/11)
2024-08-31T00:11:10.592-07:00 DEBUG 99902 --- [http-nio-8080-exec-3] o.s.security.web.FilterChainProxy        : Secured GET /static/media/home-main.e9e7514456b0ad8d7ee395e9131df5c5.svg
2024-08-31T00:11:10.590-07:00 TRACE 99902 --- [http-nio-8080-exec-5] .s.s.w.c.SupplierDeferredSecurityContext : Created SecurityContextImpl [Null authentication]
2024-08-31T00:11:10.592-07:00 TRACE 99902 --- [http-nio-8080-exec-5] o.s.s.w.a.AnonymousAuthenticationFilter  : Set SecurityContextHolder to AnonymousAuthenticationToken [Principal=anonymousUser, Credentials=[PROTECTED], Authenticated=true, Details=WebAuthenticationDetails [RemoteIpAddress=0:0:0:0:0:0:0:1, SessionId=null], Granted Authorities=[ROLE_ANONYMOUS]]
2024-08-31T00:11:10.593-07:00 DEBUG 99902 --- [http-nio-8080-exec-5] o.s.s.w.session.SessionManagementFilter  : Request requested invalid session id BAA7C0912570561F4C68019AF2D4D661
2024-08-31T00:11:10.596-07:00 TRACE 99902 --- [http-nio-8080-exec-5] o.s.security.web.FilterChainProxy        : Invoking ExceptionTranslationFilter (11/11)
2024-08-31T00:11:10.596-07:00 DEBUG 99902 --- [http-nio-8080-exec-5] o.s.security.web.FilterChainProxy        : Secured GET /static/media/avatar.e336ec04c5352e0841aa04ceeb5350ae.svg
2024-08-31T00:11:10.600-07:00 TRACE 99902 --- [http-nio-8080-exec-3] o.s.s.w.header.writers.HstsHeaderWriter  : Not injecting HSTS header since it did not match request to [Is Secure]
2024-08-31T00:11:10.600-07:00 TRACE 99902 --- [http-nio-8080-exec-5] o.s.s.w.header.writers.HstsHeaderWriter  : Not injecting HSTS header since it did not match request to [Is Secure]
2024-08-31T00:11:12.581-07:00 TRACE 99902 --- [http-nio-8080-exec-9] o.s.security.web.FilterChainProxy        : Trying to match request against DefaultSecurityFilterChain [RequestMatcher=any request, Filters=[org.springframework.security.web.session.DisableEncodeUrlFilter@22f1b20c, org.springframework.security.web.context.request.async.WebAsyncManagerIntegrationFilter@beb26f4, org.springframework.security.web.context.SecurityContextHolderFilter@2e24bec8, org.springframework.security.web.header.HeaderWriterFilter@140a2501, org.springframework.security.web.authentication.logout.LogoutFilter@68545eba, com.PickPerfect.demo.config.JwtFilter@55b0a318, org.springframework.security.web.savedrequest.RequestCacheAwareFilter@54184142, org.springframework.security.web.servletapi.SecurityContextHolderAwareRequestFilter@454521f8, org.springframework.security.web.authentication.AnonymousAuthenticationFilter@477cdba8, org.springframework.security.web.session.SessionManagementFilter@41b83262, org.springframework.security.web.access.ExceptionTranslationFilter@5934879a]] (1/1)
2024-08-31T00:11:12.582-07:00 DEBUG 99902 --- [http-nio-8080-exec-9] o.s.security.web.FilterChainProxy        : Securing GET /static/media/tomato.c5a20a5abc96f3665c5176ed35e68f9c.svg
2024-08-31T00:11:12.582-07:00 TRACE 99902 --- [http-nio-8080-exec-9] o.s.security.web.FilterChainProxy        : Invoking DisableEncodeUrlFilter (1/11)
2024-08-31T00:11:12.582-07:00 TRACE 99902 --- [http-nio-8080-exec-9] o.s.security.web.FilterChainProxy        : Invoking WebAsyncManagerIntegrationFilter (2/11)
2024-08-31T00:11:12.582-07:00 TRACE 99902 --- [http-nio-8080-exec-9] o.s.security.web.FilterChainProxy        : Invoking SecurityContextHolderFilter (3/11)
2024-08-31T00:11:12.582-07:00 TRACE 99902 --- [http-nio-8080-exec-9] o.s.security.web.FilterChainProxy        : Invoking HeaderWriterFilter (4/11)
2024-08-31T00:11:12.583-07:00 TRACE 99902 --- [http-nio-8080-exec-9] o.s.security.web.FilterChainProxy        : Invoking LogoutFilter (5/11)
2024-08-31T00:11:12.583-07:00 TRACE 99902 --- [http-nio-8080-exec-9] o.s.s.w.a.logout.LogoutFilter            : Did not match request to Or [Ant [pattern='/logout', GET], Ant [pattern='/logout', POST], Ant [pattern='/logout', PUT], Ant [pattern='/logout', DELETE]]
2024-08-31T00:11:12.583-07:00 TRACE 99902 --- [http-nio-8080-exec-9] o.s.security.web.FilterChainProxy        : Invoking JwtFilter (6/11)
2024-08-31T00:11:12.583-07:00 TRACE 99902 --- [http-nio-8080-exec-9] o.s.security.web.FilterChainProxy        : Invoking RequestCacheAwareFilter (7/11)
2024-08-31T00:11:12.583-07:00 TRACE 99902 --- [http-nio-8080-exec-9] o.s.security.web.FilterChainProxy        : Invoking SecurityContextHolderAwareRequestFilter (8/11)
2024-08-31T00:11:12.583-07:00 TRACE 99902 --- [http-nio-8080-exec-9] o.s.security.web.FilterChainProxy        : Invoking AnonymousAuthenticationFilter (9/11)
2024-08-31T00:11:12.583-07:00 TRACE 99902 --- [http-nio-8080-exec-9] o.s.security.web.FilterChainProxy        : Invoking SessionManagementFilter (10/11)
2024-08-31T00:11:12.583-07:00 TRACE 99902 --- [http-nio-8080-exec-9] .s.s.w.c.SupplierDeferredSecurityContext : Created SecurityContextImpl [Null authentication]
2024-08-31T00:11:12.584-07:00 TRACE 99902 --- [http-nio-8080-exec-9] o.s.s.w.a.AnonymousAuthenticationFilter  : Set SecurityContextHolder to AnonymousAuthenticationToken [Principal=anonymousUser, Credentials=[PROTECTED], Authenticated=true, Details=WebAuthenticationDetails [RemoteIpAddress=0:0:0:0:0:0:0:1, SessionId=null], Granted Authorities=[ROLE_ANONYMOUS]]
2024-08-31T00:11:12.584-07:00 DEBUG 99902 --- [http-nio-8080-exec-9] o.s.s.w.session.SessionManagementFilter  : Request requested invalid session id BAA7C0912570561F4C68019AF2D4D661
2024-08-31T00:11:12.584-07:00 TRACE 99902 --- [http-nio-8080-exec-9] o.s.security.web.FilterChainProxy        : Invoking ExceptionTranslationFilter (11/11)
2024-08-31T00:11:12.584-07:00 DEBUG 99902 --- [http-nio-8080-exec-9] o.s.security.web.FilterChainProxy        : Secured GET /static/media/tomato.c5a20a5abc96f3665c5176ed35e68f9c.svg
2024-08-31T00:11:12.588-07:00 TRACE 99902 --- [http-nio-8080-exec-9] o.s.s.w.header.writers.HstsHeaderWriter  : Not injecting HSTS header since it did not match request to [Is Secure]
2024-08-31T00:11:14.361-07:00 TRACE 99902 --- [http-nio-8080-exec-4] o.s.security.web.FilterChainProxy        : Trying to match request against DefaultSecurityFilterChain [RequestMatcher=any request, Filters=[org.springframework.security.web.session.DisableEncodeUrlFilter@22f1b20c, org.springframework.security.web.context.request.async.WebAsyncManagerIntegrationFilter@beb26f4, org.springframework.security.web.context.SecurityContextHolderFilter@2e24bec8, org.springframework.security.web.header.HeaderWriterFilter@140a2501, org.springframework.security.web.authentication.logout.LogoutFilter@68545eba, com.PickPerfect.demo.config.JwtFilter@55b0a318, org.springframework.security.web.savedrequest.RequestCacheAwareFilter@54184142, org.springframework.security.web.servletapi.SecurityContextHolderAwareRequestFilter@454521f8, org.springframework.security.web.authentication.AnonymousAuthenticationFilter@477cdba8, org.springframework.security.web.session.SessionManagementFilter@41b83262, org.springframework.security.web.access.ExceptionTranslationFilter@5934879a]] (1/1)
2024-08-31T00:11:14.361-07:00 DEBUG 99902 --- [http-nio-8080-exec-4] o.s.security.web.FilterChainProxy        : Securing GET /static/media/broccoli.7e69f5029be185ecc083.png
2024-08-31T00:11:14.361-07:00 TRACE 99902 --- [http-nio-8080-exec-4] o.s.security.web.FilterChainProxy        : Invoking DisableEncodeUrlFilter (1/11)
2024-08-31T00:11:14.361-07:00 TRACE 99902 --- [http-nio-8080-exec-4] o.s.security.web.FilterChainProxy        : Invoking WebAsyncManagerIntegrationFilter (2/11)
2024-08-31T00:11:14.361-07:00 TRACE 99902 --- [http-nio-8080-exec-4] o.s.security.web.FilterChainProxy        : Invoking SecurityContextHolderFilter (3/11)
2024-08-31T00:11:14.362-07:00 TRACE 99902 --- [http-nio-8080-exec-4] o.s.security.web.FilterChainProxy        : Invoking HeaderWriterFilter (4/11)
2024-08-31T00:11:14.362-07:00 TRACE 99902 --- [http-nio-8080-exec-4] o.s.security.web.FilterChainProxy        : Invoking LogoutFilter (5/11)
2024-08-31T00:11:14.362-07:00 TRACE 99902 --- [http-nio-8080-exec-4] o.s.s.w.a.logout.LogoutFilter            : Did not match request to Or [Ant [pattern='/logout', GET], Ant [pattern='/logout', POST], Ant [pattern='/logout', PUT], Ant [pattern='/logout', DELETE]]
2024-08-31T00:11:14.362-07:00 TRACE 99902 --- [http-nio-8080-exec-4] o.s.security.web.FilterChainProxy        : Invoking JwtFilter (6/11)
2024-08-31T00:11:14.362-07:00 TRACE 99902 --- [http-nio-8080-exec-4] o.s.security.web.FilterChainProxy        : Invoking RequestCacheAwareFilter (7/11)
2024-08-31T00:11:14.362-07:00 TRACE 99902 --- [http-nio-8080-exec-4] o.s.security.web.FilterChainProxy        : Invoking SecurityContextHolderAwareRequestFilter (8/11)
2024-08-31T00:11:14.362-07:00 TRACE 99902 --- [http-nio-8080-exec-4] o.s.security.web.FilterChainProxy        : Invoking AnonymousAuthenticationFilter (9/11)
2024-08-31T00:11:14.363-07:00 TRACE 99902 --- [http-nio-8080-exec-4] o.s.security.web.FilterChainProxy        : Invoking SessionManagementFilter (10/11)
2024-08-31T00:11:14.362-07:00 TRACE 99902 --- [http-nio-8080-exec-8] o.s.security.web.FilterChainProxy        : Trying to match request against DefaultSecurityFilterChain [RequestMatcher=any request, Filters=[org.springframework.security.web.session.DisableEncodeUrlFilter@22f1b20c, org.springframework.security.web.context.request.async.WebAsyncManagerIntegrationFilter@beb26f4, org.springframework.security.web.context.SecurityContextHolderFilter@2e24bec8, org.springframework.security.web.header.HeaderWriterFilter@140a2501, org.springframework.security.web.authentication.logout.LogoutFilter@68545eba, com.PickPerfect.demo.config.JwtFilter@55b0a318, org.springframework.security.web.savedrequest.RequestCacheAwareFilter@54184142, org.springframework.security.web.servletapi.SecurityContextHolderAwareRequestFilter@454521f8, org.springframework.security.web.authentication.AnonymousAuthenticationFilter@477cdba8, org.springframework.security.web.session.SessionManagementFilter@41b83262, org.springframework.security.web.access.ExceptionTranslationFilter@5934879a]] (1/1)
2024-08-31T00:11:14.363-07:00 DEBUG 99902 --- [http-nio-8080-exec-8] o.s.security.web.FilterChainProxy        : Securing GET /static/media/pineapple.2c99a8c7f2058cd41d12.png
2024-08-31T00:11:14.363-07:00 TRACE 99902 --- [http-nio-8080-exec-8] o.s.security.web.FilterChainProxy        : Invoking DisableEncodeUrlFilter (1/11)
2024-08-31T00:11:14.363-07:00 TRACE 99902 --- [http-nio-8080-exec-4] .s.s.w.c.SupplierDeferredSecurityContext : Created SecurityContextImpl [Null authentication]
2024-08-31T00:11:14.363-07:00 TRACE 99902 --- [http-nio-8080-exec-8] o.s.security.web.FilterChainProxy        : Invoking WebAsyncManagerIntegrationFilter (2/11)
2024-08-31T00:11:14.363-07:00 TRACE 99902 --- [http-nio-8080-exec-8] o.s.security.web.FilterChainProxy        : Invoking SecurityContextHolderFilter (3/11)
2024-08-31T00:11:14.363-07:00 TRACE 99902 --- [http-nio-8080-exec-4] o.s.s.w.a.AnonymousAuthenticationFilter  : Set SecurityContextHolder to AnonymousAuthenticationToken [Principal=anonymousUser, Credentials=[PROTECTED], Authenticated=true, Details=WebAuthenticationDetails [RemoteIpAddress=0:0:0:0:0:0:0:1, SessionId=null], Granted Authorities=[ROLE_ANONYMOUS]]
2024-08-31T00:11:14.363-07:00 TRACE 99902 --- [http-nio-8080-exec-8] o.s.security.web.FilterChainProxy        : Invoking HeaderWriterFilter (4/11)
2024-08-31T00:11:14.363-07:00 DEBUG 99902 --- [http-nio-8080-exec-4] o.s.s.w.session.SessionManagementFilter  : Request requested invalid session id BAA7C0912570561F4C68019AF2D4D661
2024-08-31T00:11:14.363-07:00 TRACE 99902 --- [http-nio-8080-exec-8] o.s.security.web.FilterChainProxy        : Invoking LogoutFilter (5/11)
2024-08-31T00:11:14.363-07:00 TRACE 99902 --- [http-nio-8080-exec-4] o.s.security.web.FilterChainProxy        : Invoking ExceptionTranslationFilter (11/11)
2024-08-31T00:11:14.363-07:00 TRACE 99902 --- [http-nio-8080-exec-8] o.s.s.w.a.logout.LogoutFilter            : Did not match request to Or [Ant [pattern='/logout', GET], Ant [pattern='/logout', POST], Ant [pattern='/logout', PUT], Ant [pattern='/logout', DELETE]]
2024-08-31T00:11:14.364-07:00 TRACE 99902 --- [http-nio-8080-exec-8] o.s.security.web.FilterChainProxy        : Invoking JwtFilter (6/11)
2024-08-31T00:11:14.364-07:00 TRACE 99902 --- [http-nio-8080-exec-8] o.s.security.web.FilterChainProxy        : Invoking RequestCacheAwareFilter (7/11)
2024-08-31T00:11:14.364-07:00 TRACE 99902 --- [http-nio-8080-exec-8] o.s.security.web.FilterChainProxy        : Invoking SecurityContextHolderAwareRequestFilter (8/11)
2024-08-31T00:11:14.364-07:00 DEBUG 99902 --- [http-nio-8080-exec-4] o.s.security.web.FilterChainProxy        : Secured GET /static/media/broccoli.7e69f5029be185ecc083.png
2024-08-31T00:11:14.364-07:00 TRACE 99902 --- [http-nio-8080-exec-8] o.s.security.web.FilterChainProxy        : Invoking AnonymousAuthenticationFilter (9/11)
2024-08-31T00:11:14.364-07:00 TRACE 99902 --- [http-nio-8080-exec-8] o.s.security.web.FilterChainProxy        : Invoking SessionManagementFilter (10/11)
2024-08-31T00:11:14.364-07:00 TRACE 99902 --- [http-nio-8080-exec-8] .s.s.w.c.SupplierDeferredSecurityContext : Created SecurityContextImpl [Null authentication]
2024-08-31T00:11:14.365-07:00 TRACE 99902 --- [http-nio-8080-exec-8] o.s.s.w.a.AnonymousAuthenticationFilter  : Set SecurityContextHolder to AnonymousAuthenticationToken [Principal=anonymousUser, Credentials=[PROTECTED], Authenticated=true, Details=WebAuthenticationDetails [RemoteIpAddress=0:0:0:0:0:0:0:1, SessionId=null], Granted Authorities=[ROLE_ANONYMOUS]]
2024-08-31T00:11:14.365-07:00 DEBUG 99902 --- [http-nio-8080-exec-8] o.s.s.w.session.SessionManagementFilter  : Request requested invalid session id BAA7C0912570561F4C68019AF2D4D661
2024-08-31T00:11:14.365-07:00 TRACE 99902 --- [http-nio-8080-exec-8] o.s.security.web.FilterChainProxy        : Invoking ExceptionTranslationFilter (11/11)
2024-08-31T00:11:14.365-07:00 DEBUG 99902 --- [http-nio-8080-exec-8] o.s.security.web.FilterChainProxy        : Secured GET /static/media/pineapple.2c99a8c7f2058cd41d12.png
2024-08-31T00:11:14.370-07:00 TRACE 99902 --- [http-nio-8080-exec-8] o.s.s.w.header.writers.HstsHeaderWriter  : Not injecting HSTS header since it did not match request to [Is Secure]
2024-08-31T00:11:14.370-07:00 TRACE 99902 --- [http-nio-8080-exec-4] o.s.s.w.header.writers.HstsHeaderWriter  : Not injecting HSTS header since it did not match request to [Is Secure]
2024-08-31T00:11:15.688-07:00 TRACE 99902 --- [http-nio-8080-exec-1] o.s.security.web.FilterChainProxy        : Trying to match request against DefaultSecurityFilterChain [RequestMatcher=any request, Filters=[org.springframework.security.web.session.DisableEncodeUrlFilter@22f1b20c, org.springframework.security.web.context.request.async.WebAsyncManagerIntegrationFilter@beb26f4, org.springframework.security.web.context.SecurityContextHolderFilter@2e24bec8, org.springframework.security.web.header.HeaderWriterFilter@140a2501, org.springframework.security.web.authentication.logout.LogoutFilter@68545eba, com.PickPerfect.demo.config.JwtFilter@55b0a318, org.springframework.security.web.savedrequest.RequestCacheAwareFilter@54184142, org.springframework.security.web.servletapi.SecurityContextHolderAwareRequestFilter@454521f8, org.springframework.security.web.authentication.AnonymousAuthenticationFilter@477cdba8, org.springframework.security.web.session.SessionManagementFilter@41b83262, org.springframework.security.web.access.ExceptionTranslationFilter@5934879a]] (1/1)
2024-08-31T00:11:15.688-07:00 DEBUG 99902 --- [http-nio-8080-exec-1] o.s.security.web.FilterChainProxy        : Securing GET /static/media/tomato.c5a20a5abc96f3665c5176ed35e68f9c.svg
2024-08-31T00:11:15.688-07:00 TRACE 99902 --- [http-nio-8080-exec-1] o.s.security.web.FilterChainProxy        : Invoking DisableEncodeUrlFilter (1/11)
2024-08-31T00:11:15.688-07:00 TRACE 99902 --- [http-nio-8080-exec-1] o.s.security.web.FilterChainProxy        : Invoking WebAsyncManagerIntegrationFilter (2/11)
2024-08-31T00:11:15.688-07:00 TRACE 99902 --- [http-nio-8080-exec-1] o.s.security.web.FilterChainProxy        : Invoking SecurityContextHolderFilter (3/11)
2024-08-31T00:11:15.688-07:00 TRACE 99902 --- [http-nio-8080-exec-1] o.s.security.web.FilterChainProxy        : Invoking HeaderWriterFilter (4/11)
2024-08-31T00:11:15.688-07:00 TRACE 99902 --- [http-nio-8080-exec-1] o.s.security.web.FilterChainProxy        : Invoking LogoutFilter (5/11)
2024-08-31T00:11:15.689-07:00 TRACE 99902 --- [http-nio-8080-exec-1] o.s.s.w.a.logout.LogoutFilter            : Did not match request to Or [Ant [pattern='/logout', GET], Ant [pattern='/logout', POST], Ant [pattern='/logout', PUT], Ant [pattern='/logout', DELETE]]
2024-08-31T00:11:15.689-07:00 TRACE 99902 --- [http-nio-8080-exec-1] o.s.security.web.FilterChainProxy        : Invoking JwtFilter (6/11)
2024-08-31T00:11:15.689-07:00 TRACE 99902 --- [http-nio-8080-exec-1] o.s.security.web.FilterChainProxy        : Invoking RequestCacheAwareFilter (7/11)
2024-08-31T00:11:15.689-07:00 TRACE 99902 --- [http-nio-8080-exec-1] o.s.security.web.FilterChainProxy        : Invoking SecurityContextHolderAwareRequestFilter (8/11)
2024-08-31T00:11:15.689-07:00 TRACE 99902 --- [http-nio-8080-exec-1] o.s.security.web.FilterChainProxy        : Invoking AnonymousAuthenticationFilter (9/11)
2024-08-31T00:11:15.689-07:00 TRACE 99902 --- [http-nio-8080-exec-1] o.s.security.web.FilterChainProxy        : Invoking SessionManagementFilter (10/11)
2024-08-31T00:11:15.689-07:00 TRACE 99902 --- [http-nio-8080-exec-1] .s.s.w.c.SupplierDeferredSecurityContext : Created SecurityContextImpl [Null authentication]
2024-08-31T00:11:15.690-07:00 TRACE 99902 --- [http-nio-8080-exec-1] o.s.s.w.a.AnonymousAuthenticationFilter  : Set SecurityContextHolder to AnonymousAuthenticationToken [Principal=anonymousUser, Credentials=[PROTECTED], Authenticated=true, Details=WebAuthenticationDetails [RemoteIpAddress=0:0:0:0:0:0:0:1, SessionId=null], Granted Authorities=[ROLE_ANONYMOUS]]
2024-08-31T00:11:15.690-07:00 DEBUG 99902 --- [http-nio-8080-exec-1] o.s.s.w.session.SessionManagementFilter  : Request requested invalid session id BAA7C0912570561F4C68019AF2D4D661
2024-08-31T00:11:15.690-07:00 TRACE 99902 --- [http-nio-8080-exec-1] o.s.security.web.FilterChainProxy        : Invoking ExceptionTranslationFilter (11/11)
2024-08-31T00:11:15.691-07:00 DEBUG 99902 --- [http-nio-8080-exec-1] o.s.security.web.FilterChainProxy        : Secured GET /static/media/tomato.c5a20a5abc96f3665c5176ed35e68f9c.svg
2024-08-31T00:11:15.693-07:00 TRACE 99902 --- [http-nio-8080-exec-1] o.s.s.w.header.writers.HstsHeaderWriter  : Not injecting HSTS header since it did not match request to [Is Secure]
